Determining if the pthread_create exist failed with the following output:
Change Dir: /home/mauleshtrivedi/plusone_projects/moveit_simple_workspace/src/moveit_simple/moveit_simple/CMakeFiles/CMakeTmp

Run Build Command:"/usr/bin/make" "cmTC_87d70/fast"
/usr/bin/make -f CMakeFiles/cmTC_87d70.dir/build.make CMakeFiles/cmTC_87d70.dir/build
make[1]: Entering directory '/home/mauleshtrivedi/plusone_projects/moveit_simple_workspace/src/moveit_simple/moveit_simple/CMakeFiles/CMakeTmp'
Building C object CMakeFiles/cmTC_87d70.dir/CheckSymbolExists.c.o
/usr/bin/gcc     -o CMakeFiles/cmTC_87d70.dir/CheckSymbolExists.c.o   -c /home/mauleshtrivedi/plusone_projects/moveit_simple_workspace/src/moveit_simple/moveit_simple/CMakeFiles/CMakeTmp/CheckSymbolExists.c
Linking C executable cmTC_87d70
/usr/bin/cmake -E cmake_link_script CMakeFiles/cmTC_87d70.dir/link.txt --verbose=1
/usr/bin/gcc       CMakeFiles/cmTC_87d70.dir/CheckSymbolExists.c.o  -o cmTC_87d70 -rdynamic 
CMakeFiles/cmTC_87d70.dir/CheckSymbolExists.c.o: In function `main':
CheckSymbolExists.c:(.text+0x16): undefined reference to `pthread_create'
collect2: error: ld returned 1 exit status
CMakeFiles/cmTC_87d70.dir/build.make:97: recipe for target 'cmTC_87d70' failed
make[1]: *** [cmTC_87d70] Error 1
make[1]: Leaving directory '/home/mauleshtrivedi/plusone_projects/moveit_simple_workspace/src/moveit_simple/moveit_simple/CMakeFiles/CMakeTmp'
Makefile:126: recipe for target 'cmTC_87d70/fast' failed
make: *** [cmTC_87d70/fast] Error 2

File /home/mauleshtrivedi/plusone_projects/moveit_simple_workspace/src/moveit_simple/moveit_simple/CMakeFiles/CMakeTmp/CheckSymbolExists.c:
/* */
#include <pthread.h>

int main(int argc, char** argv)
{
  (void)argv;
#ifndef pthread_create
  return ((int*)(&pthread_create))[argc];
#else
  (void)argc;
  return 0;
#endif
}

Determining if the function pthread_create exists in the pthreads failed with the following output:
Change Dir: /home/mauleshtrivedi/plusone_projects/moveit_simple_workspace/src/moveit_simple/moveit_simple/CMakeFiles/CMakeTmp

Run Build Command:"/usr/bin/make" "cmTC_e6a1f/fast"
/usr/bin/make -f CMakeFiles/cmTC_e6a1f.dir/build.make CMakeFiles/cmTC_e6a1f.dir/build
make[1]: Entering directory '/home/mauleshtrivedi/plusone_projects/moveit_simple_workspace/src/moveit_simple/moveit_simple/CMakeFiles/CMakeTmp'
Building C object CMakeFiles/cmTC_e6a1f.dir/CheckFunctionExists.c.o
/usr/bin/gcc    -DCHECK_FUNCTION_EXISTS=pthread_create   -o CMakeFiles/cmTC_e6a1f.dir/CheckFunctionExists.c.o   -c /usr/share/cmake-3.5/Modules/CheckFunctionExists.c
Linking C executable cmTC_e6a1f
/usr/bin/cmake -E cmake_link_script CMakeFiles/cmTC_e6a1f.dir/link.txt --verbose=1
/usr/bin/gcc   -DCHECK_FUNCTION_EXISTS=pthread_create    CMakeFiles/cmTC_e6a1f.dir/CheckFunctionExists.c.o  -o cmTC_e6a1f -rdynamic -lpthreads 
/usr/bin/ld: cannot find -lpthreads
collect2: error: ld returned 1 exit status
CMakeFiles/cmTC_e6a1f.dir/build.make:97: recipe for target 'cmTC_e6a1f' failed
make[1]: *** [cmTC_e6a1f] Error 1
make[1]: Leaving directory '/home/mauleshtrivedi/plusone_projects/moveit_simple_workspace/src/moveit_simple/moveit_simple/CMakeFiles/CMakeTmp'
Makefile:126: recipe for target 'cmTC_e6a1f/fast' failed
make: *** [cmTC_e6a1f/fast] Error 2


